<?xml version="1.0" encoding="UTF-8"?>
<testng-results skipped="0" failed="0" ignored="0" total="2" passed="2">
  <reporter-output>
  </reporter-output>
  <suite name="Default suite" duration-ms="27314" started-at="2019-11-25T02:02:56Z" finished-at="2019-11-25T02:03:23Z">
    <groups>
    </groups>
    <test name="Default test" duration-ms="27314" started-at="2019-11-25T02:02:56Z" finished-at="2019-11-25T02:03:23Z">
      <class name="GoogleTest.TC_001">
        <test-method status="PASS" signature="OpenBrowser()[pri:0, instance:GoogleTest.TC_001@24c22fe]" name="OpenBrowser" is-config="true" duration-ms="2617" started-at="2019-11-25T02:02:56Z" finished-at="2019-11-25T02:02:58Z">
          <reporter-output>
          </reporter-output>
        </test-method> <!-- OpenBrowser -->
        <test-method status="PASS" signature="Test_1()[pri:0, instance:GoogleTest.TC_001@24c22fe]" name="Test_1" duration-ms="8310" started-at="2019-11-25T02:02:58Z" finished-at="2019-11-25T02:03:07Z">
          <reporter-output>
          </reporter-output>
        </test-method> <!-- Test_1 -->
        <test-method status="PASS" signature="OpenBrowser()[pri:0, instance:GoogleTest.TC_001@24c22fe]" name="OpenBrowser" is-config="true" duration-ms="1401" started-at="2019-11-25T02:03:07Z" finished-at="2019-11-25T02:03:08Z">
          <reporter-output>
          </reporter-output>
        </test-method> <!-- OpenBrowser -->
        <test-method status="PASS" signature="Test_2()[pri:0, instance:GoogleTest.TC_001@24c22fe]" name="Test_2" duration-ms="13940" started-at="2019-11-25T02:03:08Z" finished-at="2019-11-25T02:03:22Z">
          <reporter-output>
          </reporter-output>
        </test-method> <!-- Test_2 -->
        <test-method status="PASS" signature="ClosingBrowser()[pri:0, instance:GoogleTest.TC_001@24c22fe]" name="ClosingBrowser" is-config="true" duration-ms="983" started-at="2019-11-25T02:03:22Z" finished-at="2019-11-25T02:03:23Z">
          <reporter-output>
          </reporter-output>
        </test-method> <!-- ClosingBrowser -->
      </class> <!-- GoogleTest.TC_001 -->
    </test> <!-- Default test -->
  </suite> <!-- Default suite -->
</testng-results>
